<?xml version="1.0" encoding="UTF-8"?>
<testng-results skipped="0" failed="0" ignored="0" total="2" passed="2">
  <reporter-output>
  </reporter-output>
  <suite name="Surefire suite" duration-ms="70" started-at="2017-10-31T18:06:54Z" finished-at="2017-10-31T18:06:54Z">
    <groups>
    </groups>
    <test name="Surefire test" duration-ms="70" started-at="2017-10-31T18:06:54Z" finished-at="2017-10-31T18:06:54Z">
      <class name="seleniumProject.SeleniumTest2">
        <test-method status="PASS" signature="testcase5()[pri:0, instance:seleniumProject.SeleniumTest2@3cda1055]" name="testcase5" duration-ms="15" started-at="2017-10-31T12:06:54Z" finished-at="2017-10-31T12:06:54Z">
          <reporter-output>
          </reporter-output>
        </test-method> <!-- testcase5 -->
        <test-method status="PASS" signature="testcase6()[pri:0, instance:seleniumProject.SeleniumTest2@3cda1055]" name="testcase6" duration-ms="1" started-at="2017-10-31T12:06:54Z" finished-at="2017-10-31T12:06:54Z">
          <reporter-output>
          </reporter-output>
        </test-method> <!-- testcase6 -->
      </class> <!-- seleniumProject.SeleniumTest2 -->
    </test> <!-- Surefire test -->
  </suite> <!-- Surefire suite -->
</testng-results>
